<?xml version="1.0" encoding="UTF-8" ?>
<testsuite tests="12" failures="0" name="com.cucumber.runner.RunnerTest" time="1.567" errors="0" skipped="0">
  <properties>
[...]
</properties>
  <testcase classname="com.cucumber.runner.RunnerTest" name="runScenario" time="0.322"/>
  <testcase classname="com.cucumber.runner.RunnerTest" name="runScenario" time="0.004"/>
  <testcase classname="com.cucumber.runner.RunnerTest" name="runScenario" time="0.02"/>
  <testcase classname="com.cucumber.runner.RunnerTest" name="runScenario" time="0"/>
  <testcase classname="com.cucumber.runner.RunnerTest" name="runScenario" time="0.024"/>
  <testcase classname="com.cucumber.runner.RunnerTest" name="runScenario" time="0.038"/>
  <testcase classname="com.cucumber.runner.RunnerTest" name="runScenario" time="0.005"/>
  <testcase classname="com.cucumber.runner.RunnerTest" name="runScenario" time="0.013"/>
  <testcase classname="com.cucumber.runner.RunnerTest" name="runScenario" time="0.982"/>
  <testcase classname="com.cucumber.runner.RunnerTest" name="runScenario" time="0.057"/>
  <testcase classname="com.cucumber.runner.RunnerTest" name="runScenario" time="0.045"/>
  <testcase classname="com.cucumber.runner.RunnerTest" name="runScenario" time="0.057"/>
</testsuite>