<?xml version="1.0" encoding="UTF-8" ?>
<testsuite tests="16" failures="0" name="com.cucumber.runner.RunnerTest" time="1.687" errors="0" skipped="0">
  <properties>
[...]
</properties>
  <testcase classname="com.cucumber.runner.RunnerTest" name="runScenario" time="0.333"/>
  <testcase classname="com.cucumber.runner.RunnerTest" name="runScenario" time="0.026"/>
  <testcase classname="com.cucumber.runner.RunnerTest" name="runScenario" time="0.038"/>
  <testcase classname="com.cucumber.runner.RunnerTest" name="runScenario" time="0"/>
  <testcase classname="com.cucumber.runner.RunnerTest" name="runScenario" time="0.014"/>
  <testcase classname="com.cucumber.runner.RunnerTest" name="runScenario" time="0.03"/>
  <testcase classname="com.cucumber.runner.RunnerTest" name="runScenario" time="0.001"/>
  <testcase classname="com.cucumber.runner.RunnerTest" name="runScenario" time="0.023"/>
  <testcase classname="com.cucumber.runner.RunnerTest" name="runScenario" time="0.022"/>
  <testcase classname="com.cucumber.runner.RunnerTest" name="runScenario" time="0.007"/>
  <testcase classname="com.cucumber.runner.RunnerTest" name="runScenario" time="0.015"/>
  <testcase classname="com.cucumber.runner.RunnerTest" name="runScenario" time="0.011"/>
  <testcase classname="com.cucumber.runner.RunnerTest" name="runScenario" time="0.998"/>
  <testcase classname="com.cucumber.runner.RunnerTest" name="runScenario" time="0.048"/>
  <testcase classname="com.cucumber.runner.RunnerTest" name="runScenario" time="0.038"/>
  <testcase classname="com.cucumber.runner.RunnerTest" name="runScenario" time="0.083"/>
</testsuite>