<?xml version="1.0" encoding="UTF-8"?>
<testng-results ignored="0" total="12" passed="12" failed="0" skipped="0">
  <reporter-output>
  </reporter-output>
  <suite started-at="2022-06-21T11:53:07 IST" name="Default suite" finished-at="2022-06-21T11:53:09 IST" duration-ms="1966">
    <groups>
      <group name="cucumber">
        <method signature="AbstractTestNGCucumberTests.runScenario(io.cucumber.testng.PickleWrapper,io.cucumber.testng.FeatureWrapper)[pri:0, instance:com.cucumber.runner.RunnerTest@6bd61f98]" name="runScenario" class="io.cucumber.testng.AbstractTestNGCucumberTests"/>
      </group> <!-- cucumber -->
    </groups>
    <test started-at="2022-06-21T11:53:07 IST" name="Default test" finished-at="2022-06-21T11:53:09 IST" duration-ms="1966">
      <class name="com.cucumber.runner.RunnerTest">
        <test-method is-config="true" signature="setUpClass(org.testng.ITestContext)[pri:0, instance:com.cucumber.runner.RunnerTest@6bd61f98]" started-at="2022-06-21T11:53:07 IST" name="setUpClass" finished-at="2022-06-21T11:53:07 IST" duration-ms="490" status="PASS">
          <params>
            <param index="0">
              <value>
                <![CDATA[org.testng.TestRunner@1532c619]]>
              </value>
            </param>
          </params>
          <reporter-output>
          </reporter-output>
        </test-method> <!-- setUpClass -->
        <test-method signature="runScenario(io.cucumber.testng.PickleWrapper,io.cucumber.testng.FeatureWrapper)[pri:0, instance:com.cucumber.runner.RunnerTest@6bd61f98]" started-at="2022-06-21T11:53:07 IST" name="runScenario" description="Runs Cucumber Scenarios" data-provider="scenarios" finished-at="2022-06-21T11:53:07 IST" duration-ms="204" status="PASS">
          <params>
            <param index="0">
              <value>
                <![CDATA["This represent as test case 1"]]>
              </value>
            </param>
            <param index="1">
              <value>
                <![CDATA["Optional[This is cucumber demo feature]"]]>
              </value>
            </param>
          </params>
          <reporter-output>
          </reporter-output>
        </test-method> <!-- runScenario -->
        <test-method signature="runScenario(io.cucumber.testng.PickleWrapper,io.cucumber.testng.FeatureWrapper)[pri:0, instance:com.cucumber.runner.RunnerTest@6bd61f98]" started-at="2022-06-21T11:53:07 IST" name="runScenario" description="Runs Cucumber Scenarios" data-provider="scenarios" finished-at="2022-06-21T11:53:07 IST" duration-ms="26" status="PASS">
          <params>
            <param index="0">
              <value>
                <![CDATA["This represent as test case 2"]]>
              </value>
            </param>
            <param index="1">
              <value>
                <![CDATA["Optional[This is cucumber demo feature]"]]>
              </value>
            </param>
          </params>
          <reporter-output>
          </reporter-output>
        </test-method> <!-- runScenario -->
        <test-method signature="runScenario(io.cucumber.testng.PickleWrapper,io.cucumber.testng.FeatureWrapper)[pri:0, instance:com.cucumber.runner.RunnerTest@6bd61f98]" started-at="2022-06-21T11:53:07 IST" name="runScenario" description="Runs Cucumber Scenarios" data-provider="scenarios" finished-at="2022-06-21T11:53:07 IST" duration-ms="42" status="PASS">
          <params>
            <param index="0">
              <value>
                <![CDATA["to print rto_code and city_name"]]>
              </value>
            </param>
            <param index="1">
              <value>
                <![CDATA["Optional[Parameterization cases]"]]>
              </value>
            </param>
          </params>
          <reporter-output>
          </reporter-output>
        </test-method> <!-- runScenario -->
        <test-method signature="runScenario(io.cucumber.testng.PickleWrapper,io.cucumber.testng.FeatureWrapper)[pri:0, instance:com.cucumber.runner.RunnerTest@6bd61f98]" started-at="2022-06-21T11:53:07 IST" name="runScenario" description="Runs Cucumber Scenarios" data-provider="scenarios" finished-at="2022-06-21T11:53:08 IST" duration-ms="28" status="PASS">
          <params>
            <param index="0">
              <value>
                <![CDATA["to print rto_code and city_name"]]>
              </value>
            </param>
            <param index="1">
              <value>
                <![CDATA["Optional[Parameterization cases]"]]>
              </value>
            </param>
          </params>
          <reporter-output>
          </reporter-output>
        </test-method> <!-- runScenario -->
        <test-method signature="runScenario(io.cucumber.testng.PickleWrapper,io.cucumber.testng.FeatureWrapper)[pri:0, instance:com.cucumber.runner.RunnerTest@6bd61f98]" started-at="2022-06-21T11:53:08 IST" name="runScenario" description="Runs Cucumber Scenarios" data-provider="scenarios" finished-at="2022-06-21T11:53:08 IST" duration-ms="18" status="PASS">
          <params>
            <param index="0">
              <value>
                <![CDATA["to print rto_code and city_name"]]>
              </value>
            </param>
            <param index="1">
              <value>
                <![CDATA["Optional[Parameterization cases]"]]>
              </value>
            </param>
          </params>
          <reporter-output>
          </reporter-output>
        </test-method> <!-- runScenario -->
        <test-method signature="runScenario(io.cucumber.testng.PickleWrapper,io.cucumber.testng.FeatureWrapper)[pri:0, instance:com.cucumber.runner.RunnerTest@6bd61f98]" started-at="2022-06-21T11:53:08 IST" name="runScenario" description="Runs Cucumber Scenarios" data-provider="scenarios" finished-at="2022-06-21T11:53:08 IST" duration-ms="20" status="PASS">
          <params>
            <param index="0">
              <value>
                <![CDATA["to print rto_code and city_name"]]>
              </value>
            </param>
            <param index="1">
              <value>
                <![CDATA["Optional[Parameterization cases]"]]>
              </value>
            </param>
          </params>
          <reporter-output>
          </reporter-output>
        </test-method> <!-- runScenario -->
        <test-method signature="runScenario(io.cucumber.testng.PickleWrapper,io.cucumber.testng.FeatureWrapper)[pri:0, instance:com.cucumber.runner.RunnerTest@6bd61f98]" started-at="2022-06-21T11:53:08 IST" name="runScenario" description="Runs Cucumber Scenarios" data-provider="scenarios" finished-at="2022-06-21T11:53:08 IST" duration-ms="19" status="PASS">
          <params>
            <param index="0">
              <value>
                <![CDATA["to print rto_code and city_name"]]>
              </value>
            </param>
            <param index="1">
              <value>
                <![CDATA["Optional[Parameterization cases]"]]>
              </value>
            </param>
          </params>
          <reporter-output>
          </reporter-output>
        </test-method> <!-- runScenario -->
        <test-method signature="runScenario(io.cucumber.testng.PickleWrapper,io.cucumber.testng.FeatureWrapper)[pri:0, instance:com.cucumber.runner.RunnerTest@6bd61f98]" started-at="2022-06-21T11:53:08 IST" name="runScenario" description="Runs Cucumber Scenarios" data-provider="scenarios" finished-at="2022-06-21T11:53:08 IST" duration-ms="17" status="PASS">
          <params>
            <param index="0">
              <value>
                <![CDATA["to print rto_code and city_name"]]>
              </value>
            </param>
            <param index="1">
              <value>
                <![CDATA["Optional[Parameterization cases]"]]>
              </value>
            </param>
          </params>
          <reporter-output>
          </reporter-output>
        </test-method> <!-- runScenario -->
        <test-method signature="runScenario(io.cucumber.testng.PickleWrapper,io.cucumber.testng.FeatureWrapper)[pri:0, instance:com.cucumber.runner.RunnerTest@6bd61f98]" started-at="2022-06-21T11:53:08 IST" name="runScenario" description="Runs Cucumber Scenarios" data-provider="scenarios" finished-at="2022-06-21T11:53:08 IST" duration-ms="763" status="PASS">
          <params>
            <param index="0">
              <value>
                <![CDATA["To read Excel file using parameterization"]]>
              </value>
            </param>
            <param index="1">
              <value>
                <![CDATA["Optional[This case read the excel file]"]]>
              </value>
            </param>
          </params>
          <reporter-output>
          </reporter-output>
        </test-method> <!-- runScenario -->
        <test-method signature="runScenario(io.cucumber.testng.PickleWrapper,io.cucumber.testng.FeatureWrapper)[pri:0, instance:com.cucumber.runner.RunnerTest@6bd61f98]" started-at="2022-06-21T11:53:08 IST" name="runScenario" description="Runs Cucumber Scenarios" data-provider="scenarios" finished-at="2022-06-21T11:53:08 IST" duration-ms="59" status="PASS">
          <params>
            <param index="0">
              <value>
                <![CDATA["To read Excel file using parameterization"]]>
              </value>
            </param>
            <param index="1">
              <value>
                <![CDATA["Optional[This case read the excel file]"]]>
              </value>
            </param>
          </params>
          <reporter-output>
          </reporter-output>
        </test-method> <!-- runScenario -->
        <test-method signature="runScenario(io.cucumber.testng.PickleWrapper,io.cucumber.testng.FeatureWrapper)[pri:0, instance:com.cucumber.runner.RunnerTest@6bd61f98]" started-at="2022-06-21T11:53:08 IST" name="runScenario" description="Runs Cucumber Scenarios" data-provider="scenarios" finished-at="2022-06-21T11:53:09 IST" duration-ms="61" status="PASS">
          <params>
            <param index="0">
              <value>
                <![CDATA["To read Excel file using parameterization"]]>
              </value>
            </param>
            <param index="1">
              <value>
                <![CDATA["Optional[This case read the excel file]"]]>
              </value>
            </param>
          </params>
          <reporter-output>
          </reporter-output>
        </test-method> <!-- runScenario -->
        <test-method signature="runScenario(io.cucumber.testng.PickleWrapper,io.cucumber.testng.FeatureWrapper)[pri:0, instance:com.cucumber.runner.RunnerTest@6bd61f98]" started-at="2022-06-21T11:53:09 IST" name="runScenario" description="Runs Cucumber Scenarios" data-provider="scenarios" finished-at="2022-06-21T11:53:09 IST" duration-ms="60" status="PASS">
          <params>
            <param index="0">
              <value>
                <![CDATA["To read Excel file using parameterization"]]>
              </value>
            </param>
            <param index="1">
              <value>
                <![CDATA["Optional[This case read the excel file]"]]>
              </value>
            </param>
          </params>
          <reporter-output>
          </reporter-output>
        </test-method> <!-- runScenario -->
        <test-method is-config="true" signature="tearDownClass()[pri:0, instance:com.cucumber.runner.RunnerTest@6bd61f98]" started-at="2022-06-21T11:53:09 IST" name="tearDownClass" finished-at="2022-06-21T11:53:09 IST" duration-ms="21" status="PASS">
          <reporter-output>
          </reporter-output>
        </test-method> <!-- tearDownClass -->
      </class> <!-- com.cucumber.runner.RunnerTest -->
    </test> <!-- Default test -->
  </suite> <!-- Default suite -->
</testng-results>
